C:\Program Files\Microsoft Visual Studio\2022\Community\MSBuild\Microsoft\VC\v170\Microsoft.CppBuild.targets(514,5): warning MSB8028: The intermediate directory (Release\) contains files shared from another project (Project7.vcxproj).  This can lead to incorrect clean and rebuild behavior.
Release\EduPhong.obj : warning LNK4042: object specified more than once; extras ignored
Release\GlGeomBase.obj : warning LNK4042: object specified more than once; extras ignored
Release\GlGeomCylinder.obj : warning LNK4042: object specified more than once; extras ignored
Release\GlGeomSphere.obj : warning LNK4042: object specified more than once; extras ignored
Release\GlGeomTorus.obj : warning LNK4042: object specified more than once; extras ignored
Release\GlShaderMgr.obj : warning LNK4042: object specified more than once; extras ignored
Release\LinearR3.obj : warning LNK4042: object specified more than once; extras ignored
Release\LinearR4.obj : warning LNK4042: object specified more than once; extras ignored
Release\MyGeometries.obj : warning LNK4042: object specified more than once; extras ignored
Release\PhongData.obj : warning LNK4042: object specified more than once; extras ignored
Release\RgbImage.obj : warning LNK4042: object specified more than once; extras ignored
Release\TextureProj.obj : warning LNK4042: object specified more than once; extras ignored
LINK : warning LNK4098: defaultlib 'LIBCMT' conflicts with use of other libs; use /NODEFAULTLIB:library
  Generating code
  0 of 787 functions ( 0.0%) were compiled, the rest were copied from previous compilation.
    0 functions were new in current compilation
    0 functions had inline decision re-evaluated but remain unchanged
  Finished generating code
glew32s.lib(glew.obj) : warning LNK4099: PDB 'vc120.pdb' was not found with 'glew32s.lib(glew.obj)' or at 'C:\Users\Joseph\Documents\Math155A\FinalProject\Release\vc120.pdb'; linking object as if no debug info
  Project7.vcxproj -> C:\Users\Joseph\Documents\Math155A\FinalProject\Release\FinalProject.exe
