C:\Program Files\Microsoft Visual Studio\2022\Community\MSBuild\Microsoft\VC\v170\Microsoft.CppBuild.targets(1098,5): warning MSB8027: Two or more files with the name of EduPhong.cpp will produce outputs to the same location. This can lead to an incorrect build result.  The files involved are EduPhong.cpp, Release\EduPhong.cpp.
C:\Program Files\Microsoft Visual Studio\2022\Community\MSBuild\Microsoft\VC\v170\Microsoft.CppBuild.targets(1098,5): warning MSB8027: Two or more files with the name of GlGeomBase.cpp will produce outputs to the same location. This can lead to an incorrect build result.  The files involved are GlGeomBase.cpp, Release\GlGeomBase.cpp.
C:\Program Files\Microsoft Visual Studio\2022\Community\MSBuild\Microsoft\VC\v170\Microsoft.CppBuild.targets(1098,5): warning MSB8027: Two or more files with the name of GlGeomCylinder.cpp will produce outputs to the same location. This can lead to an incorrect build result.  The files involved are GlGeomCylinder.cpp, Release\GlGeomCylinder.cpp.
C:\Program Files\Microsoft Visual Studio\2022\Community\MSBuild\Microsoft\VC\v170\Microsoft.CppBuild.targets(1098,5): warning MSB8027: Two or more files with the name of GlGeomSphere.cpp will produce outputs to the same location. This can lead to an incorrect build result.  The files involved are GlGeomSphere.cpp, Release\GlGeomSphere.cpp.
C:\Program Files\Microsoft Visual Studio\2022\Community\MSBuild\Microsoft\VC\v170\Microsoft.CppBuild.targets(1098,5): warning MSB8027: Two or more files with the name of GlGeomTorus.cpp will produce outputs to the same location. This can lead to an incorrect build result.  The files involved are GlGeomTorus.cpp, Release\GlGeomTorus.cpp.
C:\Program Files\Microsoft Visual Studio\2022\Community\MSBuild\Microsoft\VC\v170\Microsoft.CppBuild.targets(1098,5): warning MSB8027: Two or more files with the name of GlShaderMgr.cpp will produce outputs to the same location. This can lead to an incorrect build result.  The files involved are GlShaderMgr.cpp, Release\GlShaderMgr.cpp.
C:\Program Files\Microsoft Visual Studio\2022\Community\MSBuild\Microsoft\VC\v170\Microsoft.CppBuild.targets(1098,5): warning MSB8027: Two or more files with the name of LinearR3.cpp will produce outputs to the same location. This can lead to an incorrect build result.  The files involved are LinearR3.cpp, Release\LinearR3.cpp.
C:\Program Files\Microsoft Visual Studio\2022\Community\MSBuild\Microsoft\VC\v170\Microsoft.CppBuild.targets(1098,5): warning MSB8027: Two or more files with the name of LinearR4.cpp will produce outputs to the same location. This can lead to an incorrect build result.  The files involved are LinearR4.cpp, Release\LinearR4.cpp.
C:\Program Files\Microsoft Visual Studio\2022\Community\MSBuild\Microsoft\VC\v170\Microsoft.CppBuild.targets(1098,5): warning MSB8027: Two or more files with the name of MyGeometries.cpp will produce outputs to the same location. This can lead to an incorrect build result.  The files involved are MyGeometries.cpp, Release\MyGeometries.cpp.
C:\Program Files\Microsoft Visual Studio\2022\Community\MSBuild\Microsoft\VC\v170\Microsoft.CppBuild.targets(1098,5): warning MSB8027: Two or more files with the name of PhongData.cpp will produce outputs to the same location. This can lead to an incorrect build result.  The files involved are PhongData.cpp, Release\PhongData.cpp.
C:\Program Files\Microsoft Visual Studio\2022\Community\MSBuild\Microsoft\VC\v170\Microsoft.CppBuild.targets(1098,5): warning MSB8027: Two or more files with the name of RgbImage.cpp will produce outputs to the same location. This can lead to an incorrect build result.  The files involved are Release\RgbImage.cpp, RgbImage.cpp.
C:\Program Files\Microsoft Visual Studio\2022\Community\MSBuild\Microsoft\VC\v170\Microsoft.CppBuild.targets(1098,5): warning MSB8027: Two or more files with the name of TextureProj.cpp will produce outputs to the same location. This can lead to an incorrect build result.  The files involved are Release\TextureProj.cpp, TextureProj.cpp.
  EduPhong.cpp
  GlGeomBase.cpp
  GlGeomCylinder.cpp
  GlGeomSphere.cpp
  GlGeomTorus.cpp
  GlShaderMgr.cpp
  LinearR3.cpp
  LinearR4.cpp
  MyGeometries.cpp
  PhongData.cpp
  EduPhong.cpp
c1xx : fatal error C1083: Cannot open source file: 'Release\EduPhong.cpp': No such file or directory
  GlGeomBase.cpp
c1xx : fatal error C1083: Cannot open source file: 'Release\GlGeomBase.cpp': No such file or directory
  GlGeomCylinder.cpp
c1xx : fatal error C1083: Cannot open source file: 'Release\GlGeomCylinder.cpp': No such file or directory
  GlGeomSphere.cpp
c1xx : fatal error C1083: Cannot open source file: 'Release\GlGeomSphere.cpp': No such file or directory
  GlGeomTorus.cpp
c1xx : fatal error C1083: Cannot open source file: 'Release\GlGeomTorus.cpp': No such file or directory
  GlShaderMgr.cpp
c1xx : fatal error C1083: Cannot open source file: 'Release\GlShaderMgr.cpp': No such file or directory
  LinearR3.cpp
c1xx : fatal error C1083: Cannot open source file: 'Release\LinearR3.cpp': No such file or directory
  LinearR4.cpp
c1xx : fatal error C1083: Cannot open source file: 'Release\LinearR4.cpp': No such file or directory
  MyGeometries.cpp
c1xx : fatal error C1083: Cannot open source file: 'Release\MyGeometries.cpp': No such file or directory
  PhongData.cpp
c1xx : fatal error C1083: Cannot open source file: 'Release\PhongData.cpp': No such file or directory
  Generating Code...
  Compiling...
  RgbImage.cpp
c1xx : fatal error C1083: Cannot open source file: 'Release\RgbImage.cpp': No such file or directory
  TextureProj.cpp
c1xx : fatal error C1083: Cannot open source file: 'Release\TextureProj.cpp': No such file or directory
  RgbImage.cpp
  TextureProj.cpp
  Generating Code...
